2025/01/30 00:23:00 paddle: x: 2, top: 2, bott: 5
2025/01/30 00:23:00 Set direction from L to L at x: 54 y: 20
2025/01/30 00:23:00 paddle: x: 2, top: 2, bott: 5
2025/01/30 00:23:00 Set direction from L to L at x: 53 y: 20
2025/01/30 00:23:00 paddle: x: 2, top: 2, bott: 5
2025/01/30 00:23:00 Set direction from L to L at x: 52 y: 20
2025/01/30 00:23:01 paddle: x: 2, top: 2, bott: 5
2025/01/30 00:23:01 Set direction from L to L at x: 51 y: 20
2025/01/30 00:23:01 paddle: x: 2, top: 3, bott: 6
2025/01/30 00:23:01 Set direction from L to L at x: 50 y: 20
2025/01/30 00:23:01 paddle: x: 2, top: 4, bott: 7
2025/01/30 00:23:01 Set direction from L to L at x: 49 y: 20
2025/01/30 00:23:01 paddle: x: 2, top: 4, bott: 7
2025/01/30 00:23:01 Set direction from L to L at x: 48 y: 20
2025/01/30 00:23:01 paddle: x: 2, top: 4, bott: 7
2025/01/30 00:23:01 Set direction from L to L at x: 47 y: 20
2025/01/30 00:23:01 paddle: x: 2, top: 4, bott: 7
2025/01/30 00:23:01 Set direction from L to L at x: 46 y: 20
2025/01/30 00:23:01 paddle: x: 2, top: 4, bott: 7
2025/01/30 00:23:01 Set direction from L to L at x: 45 y: 20
2025/01/30 00:23:01 paddle: x: 2, top: 5, bott: 8
2025/01/30 00:23:01 Set direction from L to L at x: 44 y: 20
2025/01/30 00:23:01 paddle: x: 2, top: 6, bott: 9
2025/01/30 00:23:01 Set direction from L to L at x: 43 y: 20
2025/01/30 00:23:01 paddle: x: 2, top: 7, bott: 10
2025/01/30 00:23:01 Set direction from L to L at x: 42 y: 20
2025/01/30 00:23:02 paddle: x: 2, top: 8, bott: 11
2025/01/30 00:23:02 Set direction from L to L at x: 41 y: 20
2025/01/30 00:23:02 paddle: x: 2, top: 9, bott: 12
2025/01/30 00:23:02 Set direction from L to L at x: 40 y: 20
2025/01/30 00:23:02 paddle: x: 2, top: 11, bott: 14
2025/01/30 00:23:02 Set direction from L to L at x: 39 y: 20
2025/01/30 00:23:02 paddle: x: 2, top: 12, bott: 15
2025/01/30 00:23:02 Set direction from L to L at x: 38 y: 20
2025/01/30 00:23:02 paddle: x: 2, top: 13, bott: 16
2025/01/30 00:23:02 Set direction from L to L at x: 37 y: 20
2025/01/30 00:23:02 paddle: x: 2, top: 14, bott: 17
2025/01/30 00:23:02 Set direction from L to L at x: 36 y: 20
2025/01/30 00:23:02 paddle: x: 2, top: 14, bott: 17
2025/01/30 00:23:02 Set direction from L to L at x: 35 y: 20
2025/01/30 00:23:02 paddle: x: 2, top: 15, bott: 18
2025/01/30 00:23:02 Set direction from L to L at x: 34 y: 20
2025/01/30 00:23:02 paddle: x: 2, top: 15, bott: 18
2025/01/30 00:23:02 Set direction from L to L at x: 33 y: 20
2025/01/30 00:23:03 paddle: x: 2, top: 16, bott: 19
2025/01/30 00:23:03 Set direction from L to L at x: 32 y: 20
2025/01/30 00:23:03 paddle: x: 2, top: 17, bott: 20
2025/01/30 00:23:03 Set direction from L to L at x: 31 y: 20
2025/01/30 00:23:03 paddle: x: 2, top: 17, bott: 20
2025/01/30 00:23:03 Set direction from L to L at x: 30 y: 20
2025/01/30 00:23:03 paddle: x: 2, top: 17, bott: 20
2025/01/30 00:23:03 Set direction from L to L at x: 29 y: 20
2025/01/30 00:23:03 paddle: x: 2, top: 17, bott: 20
2025/01/30 00:23:03 Set direction from L to L at x: 28 y: 20
2025/01/30 00:23:03 paddle: x: 2, top: 17, bott: 20
2025/01/30 00:23:03 Set direction from L to L at x: 27 y: 20
2025/01/30 00:23:03 paddle: x: 2, top: 17, bott: 20
2025/01/30 00:23:03 Set direction from L to L at x: 26 y: 20
2025/01/30 00:23:03 paddle: x: 2, top: 17, bott: 20
2025/01/30 00:23:03 Set direction from L to L at x: 25 y: 20
2025/01/30 00:23:03 paddle: x: 2, top: 18, bott: 21
2025/01/30 00:23:03 Set direction from L to L at x: 24 y: 20
2025/01/30 00:23:03 paddle: x: 2, top: 19, bott: 22
2025/01/30 00:23:03 Set direction from L to L at x: 23 y: 20
2025/01/30 00:23:04 paddle: x: 2, top: 19, bott: 22
2025/01/30 00:23:04 Set direction from L to L at x: 22 y: 20
2025/01/30 00:23:04 paddle: x: 2, top: 19, bott: 22
2025/01/30 00:23:04 Set direction from L to L at x: 21 y: 20
2025/01/30 00:23:04 paddle: x: 2, top: 20, bott: 23
2025/01/30 00:23:04 Set direction from L to L at x: 20 y: 20
2025/01/30 00:23:04 paddle: x: 2, top: 20, bott: 23
2025/01/30 00:23:04 Set direction from L to L at x: 19 y: 20
2025/01/30 00:23:04 paddle: x: 2, top: 20, bott: 23
2025/01/30 00:23:04 Set direction from L to L at x: 18 y: 20
2025/01/30 00:23:04 paddle: x: 2, top: 21, bott: 24
2025/01/30 00:23:04 Set direction from L to L at x: 17 y: 20
2025/01/30 00:23:04 paddle: x: 2, top: 21, bott: 24
2025/01/30 00:23:04 Set direction from L to L at x: 16 y: 20
2025/01/30 00:23:04 paddle: x: 2, top: 21, bott: 24
2025/01/30 00:23:04 Set direction from L to L at x: 15 y: 20
2025/01/30 00:23:04 paddle: x: 2, top: 21, bott: 24
2025/01/30 00:23:04 Set direction from L to L at x: 14 y: 20
2025/01/30 00:23:04 paddle: x: 2, top: 21, bott: 24
2025/01/30 00:23:04 Set direction from L to L at x: 13 y: 20
2025/01/30 00:23:05 paddle: x: 2, top: 21, bott: 24
2025/01/30 00:23:05 Set direction from L to L at x: 12 y: 20
2025/01/30 00:23:05 paddle: x: 2, top: 21, bott: 24
2025/01/30 00:23:05 Set direction from L to L at x: 11 y: 20
2025/01/30 00:23:05 paddle: x: 2, top: 20, bott: 23
2025/01/30 00:23:05 Set direction from L to L at x: 10 y: 20
2025/01/30 00:23:05 paddle: x: 2, top: 20, bott: 23
2025/01/30 00:23:05 Set direction from L to L at x: 9 y: 20
2025/01/30 00:23:05 paddle: x: 2, top: 20, bott: 23
2025/01/30 00:23:05 Set direction from L to L at x: 8 y: 20
2025/01/30 00:23:05 paddle: x: 2, top: 20, bott: 23
2025/01/30 00:23:05 Set direction from L to L at x: 7 y: 20
2025/01/30 00:23:05 paddle: x: 2, top: 20, bott: 23
2025/01/30 00:23:05 Set direction from L to L at x: 6 y: 20
2025/01/30 00:23:05 paddle: x: 2, top: 20, bott: 23
2025/01/30 00:23:05 Set direction from L to L at x: 5 y: 20
2025/01/30 00:23:05 paddle: x: 2, top: 20, bott: 23
2025/01/30 00:23:05 Set direction from L to L at x: 4 y: 20
2025/01/30 00:23:05 paddle: x: 2, top: 20, bott: 23
2025/01/30 00:23:05 Set direction from L to L at x: 3 y: 20
2025/01/30 00:23:06 paddle: x: 2, top: 20, bott: 23
2025/01/30 00:23:06 Calcing collision
paddle: {20 23 2}
 ball: {3 20 L}
2025/01/30 00:23:06 calculating paddle coll. 
	paddle: {yTop:20 yBot:23 x:2}
	ball: {x:3 y:20 dir:L}
	side: L
2025/01/30 00:23:06 Set direction from L to TR at x: 4 y: 19
2025/01/30 00:23:06 paddle: x: 110, top: 17, bott: 20
2025/01/30 00:23:06 Set direction from TR to TR at x: 5 y: 18
2025/01/30 00:23:06 paddle: x: 110, top: 16, bott: 19
2025/01/30 00:23:06 Set direction from TR to TR at x: 6 y: 17
2025/01/30 00:23:06 paddle: x: 110, top: 15, bott: 18
2025/01/30 00:23:06 Set direction from TR to TR at x: 7 y: 16
2025/01/30 00:23:06 paddle: x: 110, top: 14, bott: 17
2025/01/30 00:23:06 Set direction from TR to TR at x: 8 y: 15
2025/01/30 00:23:06 paddle: x: 110, top: 13, bott: 16
2025/01/30 00:23:06 Set direction from TR to TR at x: 9 y: 14
2025/01/30 00:23:06 paddle: x: 110, top: 12, bott: 15
2025/01/30 00:23:06 Set direction from TR to TR at x: 10 y: 13
2025/01/30 00:23:06 paddle: x: 110, top: 11, bott: 14
2025/01/30 00:23:06 Set direction from TR to TR at x: 11 y: 12
2025/01/30 00:23:06 paddle: x: 110, top: 10, bott: 13
2025/01/30 00:23:06 Set direction from TR to TR at x: 12 y: 11
2025/01/30 00:23:06 paddle: x: 110, top: 9, bott: 12
2025/01/30 00:23:06 Set direction from TR to TR at x: 13 y: 10
2025/01/30 00:23:07 paddle: x: 110, top: 8, bott: 11
2025/01/30 00:23:07 Set direction from TR to TR at x: 14 y: 9
2025/01/30 00:23:07 paddle: x: 110, top: 7, bott: 10
2025/01/30 00:23:07 Set direction from TR to TR at x: 15 y: 8
2025/01/30 00:23:07 paddle: x: 110, top: 6, bott: 9
2025/01/30 00:23:07 Set direction from TR to TR at x: 16 y: 7
2025/01/30 00:23:07 paddle: x: 110, top: 5, bott: 8
2025/01/30 00:23:07 Set direction from TR to TR at x: 17 y: 6
2025/01/30 00:23:07 paddle: x: 110, top: 4, bott: 7
2025/01/30 00:23:07 Set direction from TR to TR at x: 18 y: 5
2025/01/30 00:23:07 paddle: x: 110, top: 3, bott: 6
2025/01/30 00:23:07 Set direction from TR to TR at x: 19 y: 4
2025/01/30 00:23:07 paddle: x: 110, top: 2, bott: 5
2025/01/30 00:23:07 Set direction from TR to TR at x: 20 y: 3
2025/01/30 00:23:07 paddle: x: 110, top: 1, bott: 4
2025/01/30 00:23:07 Set direction from TR to TR at x: 21 y: 2
2025/01/30 00:23:07 Set direction from TR to BR at x: 22 y: 3
2025/01/30 00:23:07 paddle: x: 110, top: 1, bott: 4
2025/01/30 00:23:07 Set direction from BR to BR at x: 23 y: 4
2025/01/30 00:23:08 paddle: x: 110, top: 2, bott: 5
2025/01/30 00:23:08 Set direction from BR to BR at x: 24 y: 5
2025/01/30 00:23:08 paddle: x: 110, top: 3, bott: 6
2025/01/30 00:23:08 Set direction from BR to BR at x: 25 y: 6
2025/01/30 00:23:08 paddle: x: 110, top: 4, bott: 7
2025/01/30 00:23:08 Set direction from BR to BR at x: 26 y: 7
2025/01/30 00:23:08 paddle: x: 110, top: 5, bott: 8
2025/01/30 00:23:08 Set direction from BR to BR at x: 27 y: 8
2025/01/30 00:23:08 paddle: x: 110, top: 6, bott: 9
2025/01/30 00:23:08 Set direction from BR to BR at x: 28 y: 9
2025/01/30 00:23:08 paddle: x: 110, top: 7, bott: 10
2025/01/30 00:23:08 Set direction from BR to BR at x: 29 y: 10
2025/01/30 00:23:08 paddle: x: 110, top: 8, bott: 11
2025/01/30 00:23:08 Set direction from BR to BR at x: 30 y: 11
2025/01/30 00:23:08 paddle: x: 110, top: 9, bott: 12
2025/01/30 00:23:08 Set direction from BR to BR at x: 31 y: 12
2025/01/30 00:23:08 paddle: x: 110, top: 10, bott: 13
2025/01/30 00:23:08 Set direction from BR to BR at x: 32 y: 13
2025/01/30 00:23:08 paddle: x: 110, top: 11, bott: 14
2025/01/30 00:23:08 Set direction from BR to BR at x: 33 y: 14
2025/01/30 00:23:09 paddle: x: 110, top: 12, bott: 15
2025/01/30 00:23:09 Set direction from BR to BR at x: 34 y: 15
2025/01/30 00:23:09 paddle: x: 110, top: 13, bott: 16
2025/01/30 00:23:09 Set direction from BR to BR at x: 35 y: 16
2025/01/30 00:23:09 paddle: x: 110, top: 14, bott: 17
2025/01/30 00:23:09 Set direction from BR to BR at x: 36 y: 17
2025/01/30 00:23:09 paddle: x: 110, top: 15, bott: 18
2025/01/30 00:23:09 Set direction from BR to BR at x: 37 y: 18
2025/01/30 00:23:09 paddle: x: 110, top: 16, bott: 19
2025/01/30 00:23:09 Set direction from BR to BR at x: 38 y: 19
2025/01/30 00:23:09 paddle: x: 110, top: 17, bott: 20
2025/01/30 00:23:09 Set direction from BR to BR at x: 39 y: 20
2025/01/30 00:23:09 paddle: x: 110, top: 18, bott: 21
2025/01/30 00:23:09 Set direction from BR to BR at x: 40 y: 21
2025/01/30 00:23:09 paddle: x: 110, top: 19, bott: 22
2025/01/30 00:23:09 Set direction from BR to BR at x: 41 y: 22
2025/01/30 00:23:09 paddle: x: 110, top: 20, bott: 23
2025/01/30 00:23:09 Set direction from BR to BR at x: 42 y: 23
2025/01/30 00:23:09 paddle: x: 110, top: 21, bott: 24
2025/01/30 00:23:09 Set direction from BR to BR at x: 43 y: 24
2025/01/30 00:23:10 paddle: x: 110, top: 22, bott: 25
2025/01/30 00:23:10 Set direction from BR to BR at x: 44 y: 25
2025/01/30 00:23:10 paddle: x: 110, top: 23, bott: 26
2025/01/30 00:23:10 Set direction from BR to BR at x: 45 y: 26
2025/01/30 00:23:10 paddle: x: 110, top: 24, bott: 27
2025/01/30 00:23:10 Set direction from BR to BR at x: 46 y: 27
2025/01/30 00:23:10 paddle: x: 110, top: 25, bott: 28
2025/01/30 00:23:10 Set direction from BR to BR at x: 47 y: 28
2025/01/30 00:23:10 paddle: x: 110, top: 26, bott: 29
2025/01/30 00:23:10 Set direction from BR to BR at x: 48 y: 29
2025/01/30 00:23:10 paddle: x: 110, top: 27, bott: 30
2025/01/30 00:23:10 Set direction from BR to BR at x: 49 y: 30
2025/01/30 00:23:10 paddle: x: 110, top: 28, bott: 31
2025/01/30 00:23:10 Set direction from BR to BR at x: 50 y: 31
2025/01/30 00:23:10 paddle: x: 110, top: 29, bott: 32
2025/01/30 00:23:10 Set direction from BR to BR at x: 51 y: 32
2025/01/30 00:23:10 paddle: x: 110, top: 30, bott: 33
2025/01/30 00:23:10 Set direction from BR to BR at x: 52 y: 33
2025/01/30 00:23:10 paddle: x: 110, top: 31, bott: 34
2025/01/30 00:23:10 Set direction from BR to BR at x: 53 y: 34
2025/01/30 00:23:11 paddle: x: 110, top: 32, bott: 35
2025/01/30 00:23:11 Set direction from BR to BR at x: 54 y: 35
2025/01/30 00:23:11 paddle: x: 110, top: 33, bott: 36
2025/01/30 00:23:11 Set direction from BR to BR at x: 55 y: 36
2025/01/30 00:23:11 paddle: x: 110, top: 34, bott: 37
2025/01/30 00:23:11 Set direction from BR to BR at x: 56 y: 37
2025/01/30 00:23:11 paddle: x: 110, top: 35, bott: 38
2025/01/30 00:23:11 Set direction from BR to BR at x: 57 y: 38
2025/01/30 00:23:11 paddle: x: 110, top: 36, bott: 39
2025/01/30 00:23:11 Set direction from BR to BR at x: 58 y: 39
2025/01/30 00:23:11 paddle: x: 110, top: 37, bott: 40
2025/01/30 00:23:11 Set direction from BR to BR at x: 59 y: 40
2025/01/30 00:23:11 Set direction from BR to TR at x: 60 y: 39
2025/01/30 00:23:11 paddle: x: 110, top: 37, bott: 40
2025/01/30 00:23:11 Set direction from TR to TR at x: 61 y: 38
2025/01/30 00:23:11 paddle: x: 110, top: 36, bott: 39
2025/01/30 00:23:11 Set direction from TR to TR at x: 62 y: 37
2025/01/30 00:23:11 paddle: x: 110, top: 35, bott: 38
2025/01/30 00:23:11 Set direction from TR to TR at x: 63 y: 36
2025/01/30 00:23:12 paddle: x: 110, top: 34, bott: 37
2025/01/30 00:23:12 Set direction from TR to TR at x: 64 y: 35
2025/01/30 00:23:12 paddle: x: 110, top: 33, bott: 36
2025/01/30 00:23:12 Set direction from TR to TR at x: 65 y: 34
2025/01/30 00:23:12 paddle: x: 110, top: 32, bott: 35
2025/01/30 00:23:12 Set direction from TR to TR at x: 66 y: 33
2025/01/30 00:23:12 paddle: x: 110, top: 31, bott: 34
2025/01/30 00:23:12 Set direction from TR to TR at x: 67 y: 32
2025/01/30 00:23:12 paddle: x: 110, top: 30, bott: 33
2025/01/30 00:23:12 Set direction from TR to TR at x: 68 y: 31
2025/01/30 00:23:12 paddle: x: 110, top: 29, bott: 32
2025/01/30 00:23:12 Set direction from TR to TR at x: 69 y: 30
2025/01/30 00:23:12 paddle: x: 110, top: 28, bott: 31
2025/01/30 00:23:12 Set direction from TR to TR at x: 70 y: 29
2025/01/30 00:23:12 paddle: x: 110, top: 27, bott: 30
2025/01/30 00:23:12 Set direction from TR to TR at x: 71 y: 28
2025/01/30 00:23:12 paddle: x: 110, top: 26, bott: 29
2025/01/30 00:23:12 Set direction from TR to TR at x: 72 y: 27
2025/01/30 00:23:12 paddle: x: 110, top: 25, bott: 28
2025/01/30 00:23:12 Set direction from TR to TR at x: 73 y: 26
2025/01/30 00:23:13 paddle: x: 110, top: 24, bott: 27
2025/01/30 00:23:13 Set direction from TR to TR at x: 74 y: 25
2025/01/30 00:23:13 paddle: x: 110, top: 23, bott: 26
2025/01/30 00:23:13 Set direction from TR to TR at x: 75 y: 24
2025/01/30 00:23:13 paddle: x: 110, top: 22, bott: 25
2025/01/30 00:23:13 Set direction from TR to TR at x: 76 y: 23
2025/01/30 00:23:13 paddle: x: 110, top: 21, bott: 24
2025/01/30 00:23:13 Set direction from TR to TR at x: 77 y: 22
2025/01/30 00:23:13 paddle: x: 110, top: 20, bott: 23
2025/01/30 00:23:13 Set direction from TR to TR at x: 78 y: 21
2025/01/30 00:23:13 paddle: x: 110, top: 19, bott: 22
2025/01/30 00:23:13 Set direction from TR to TR at x: 79 y: 20
2025/01/30 00:23:13 paddle: x: 110, top: 18, bott: 21
2025/01/30 00:23:13 Set direction from TR to TR at x: 80 y: 19
2025/01/30 00:23:13 paddle: x: 110, top: 17, bott: 20
2025/01/30 00:23:13 Set direction from TR to TR at x: 81 y: 18
2025/01/30 00:23:13 paddle: x: 110, top: 16, bott: 19
2025/01/30 00:23:13 Set direction from TR to TR at x: 82 y: 17
2025/01/30 00:23:14 paddle: x: 110, top: 15, bott: 18
2025/01/30 00:23:14 Set direction from TR to TR at x: 83 y: 16
2025/01/30 00:23:14 paddle: x: 110, top: 14, bott: 17
2025/01/30 00:23:14 Set direction from TR to TR at x: 84 y: 15
2025/01/30 00:23:14 paddle: x: 110, top: 13, bott: 16
2025/01/30 00:23:14 Set direction from TR to TR at x: 85 y: 14
2025/01/30 00:23:14 paddle: x: 110, top: 12, bott: 15
2025/01/30 00:23:14 Set direction from TR to TR at x: 86 y: 13
2025/01/30 00:23:14 paddle: x: 110, top: 11, bott: 14
2025/01/30 00:23:14 Set direction from TR to TR at x: 87 y: 12
2025/01/30 00:23:14 paddle: x: 110, top: 10, bott: 13
2025/01/30 00:23:14 Set direction from TR to TR at x: 88 y: 11
2025/01/30 00:23:14 paddle: x: 110, top: 9, bott: 12
2025/01/30 00:23:14 Set direction from TR to TR at x: 89 y: 10
2025/01/30 00:23:14 paddle: x: 110, top: 8, bott: 11
2025/01/30 00:23:14 Set direction from TR to TR at x: 90 y: 9
2025/01/30 00:23:14 paddle: x: 110, top: 7, bott: 10
2025/01/30 00:23:14 Set direction from TR to TR at x: 91 y: 8
2025/01/30 00:23:14 paddle: x: 110, top: 6, bott: 9
2025/01/30 00:23:14 Set direction from TR to TR at x: 92 y: 7
2025/01/30 00:23:15 paddle: x: 110, top: 5, bott: 8
2025/01/30 00:23:15 Set direction from TR to TR at x: 93 y: 6
2025/01/30 00:23:15 paddle: x: 110, top: 4, bott: 7
2025/01/30 00:23:15 Set direction from TR to TR at x: 94 y: 5
2025/01/30 00:23:15 paddle: x: 110, top: 3, bott: 6
2025/01/30 00:23:15 Set direction from TR to TR at x: 95 y: 4
2025/01/30 00:23:15 paddle: x: 110, top: 2, bott: 5
2025/01/30 00:23:15 Set direction from TR to TR at x: 96 y: 3
2025/01/30 00:23:15 paddle: x: 110, top: 1, bott: 4
2025/01/30 00:23:15 Set direction from TR to TR at x: 97 y: 2
2025/01/30 00:23:15 Set direction from TR to BR at x: 98 y: 3
2025/01/30 00:23:15 paddle: x: 110, top: 1, bott: 4
2025/01/30 00:23:15 Set direction from BR to BR at x: 99 y: 4
2025/01/30 00:23:15 paddle: x: 110, top: 2, bott: 5
2025/01/30 00:23:15 Set direction from BR to BR at x: 100 y: 5
2025/01/30 00:23:15 paddle: x: 110, top: 3, bott: 6
2025/01/30 00:23:15 Set direction from BR to BR at x: 101 y: 6
2025/01/30 00:23:15 paddle: x: 110, top: 4, bott: 7
2025/01/30 00:23:15 Set direction from BR to BR at x: 102 y: 7
2025/01/30 00:23:16 paddle: x: 110, top: 5, bott: 8
2025/01/30 00:23:16 Set direction from BR to BR at x: 103 y: 8
2025/01/30 00:23:16 paddle: x: 110, top: 6, bott: 9
2025/01/30 00:23:16 Set direction from BR to BR at x: 104 y: 9
2025/01/30 00:23:16 paddle: x: 110, top: 7, bott: 10
2025/01/30 00:23:16 Set direction from BR to BR at x: 105 y: 10
2025/01/30 00:23:16 paddle: x: 110, top: 8, bott: 11
2025/01/30 00:23:16 Set direction from BR to BR at x: 106 y: 11
2025/01/30 00:23:16 paddle: x: 110, top: 9, bott: 12
2025/01/30 00:23:16 Set direction from BR to BR at x: 107 y: 12
2025/01/30 00:23:16 paddle: x: 110, top: 10, bott: 13
2025/01/30 00:23:16 Set direction from BR to BR at x: 108 y: 13
2025/01/30 00:23:16 paddle: x: 110, top: 11, bott: 14
2025/01/30 00:23:16 Set direction from BR to BR at x: 109 y: 14
2025/01/30 00:23:16 paddle: x: 110, top: 12, bott: 15
2025/01/30 00:23:16 Calcing collision
paddle: {12 15 110}
 ball: {109 14 BR}
2025/01/30 00:23:16 calculating paddle coll. 
	paddle: {yTop:12 yBot:15 x:110}
	ball: {x:109 y:14 dir:BR}
	side: R
2025/01/30 00:23:16 Set direction from BR to BL at x: 108 y: 15
2025/01/30 00:23:16 paddle: x: 2, top: 20, bott: 23
2025/01/30 00:23:16 Set direction from BL to BL at x: 107 y: 16
2025/01/30 00:23:16 paddle: x: 2, top: 21, bott: 24
2025/01/30 00:23:16 Set direction from BL to BL at x: 106 y: 17
2025/01/30 00:23:17 paddle: x: 2, top: 21, bott: 24
2025/01/30 00:23:17 Set direction from BL to BL at x: 105 y: 18
2025/01/30 00:23:17 paddle: x: 2, top: 22, bott: 25
2025/01/30 00:23:17 Set direction from BL to BL at x: 104 y: 19
2025/01/30 00:23:17 paddle: x: 2, top: 22, bott: 25
2025/01/30 00:23:17 Set direction from BL to BL at x: 103 y: 20
2025/01/30 00:23:17 paddle: x: 2, top: 23, bott: 26
2025/01/30 00:23:17 Set direction from BL to BL at x: 102 y: 21
2025/01/30 00:23:17 paddle: x: 2, top: 24, bott: 27
2025/01/30 00:23:17 Set direction from BL to BL at x: 101 y: 22
2025/01/30 00:23:17 paddle: x: 2, top: 24, bott: 27
2025/01/30 00:23:17 Set direction from BL to BL at x: 100 y: 23
2025/01/30 00:23:17 paddle: x: 2, top: 25, bott: 28
2025/01/30 00:23:17 Set direction from BL to BL at x: 99 y: 24
2025/01/30 00:23:17 paddle: x: 2, top: 25, bott: 28
2025/01/30 00:23:17 Set direction from BL to BL at x: 98 y: 25
2025/01/30 00:23:17 paddle: x: 2, top: 26, bott: 29
2025/01/30 00:23:17 Set direction from BL to BL at x: 97 y: 26
2025/01/30 00:23:17 paddle: x: 2, top: 26, bott: 29
2025/01/30 00:23:17 Set direction from BL to BL at x: 96 y: 27
2025/01/30 00:23:18 paddle: x: 2, top: 27, bott: 30
2025/01/30 00:23:18 Set direction from BL to BL at x: 95 y: 28
2025/01/30 00:23:18 paddle: x: 2, top: 27, bott: 30
2025/01/30 00:23:18 Set direction from BL to BL at x: 94 y: 29
2025/01/30 00:23:18 paddle: x: 2, top: 28, bott: 31
2025/01/30 00:23:18 Set direction from BL to BL at x: 93 y: 30
2025/01/30 00:23:18 paddle: x: 2, top: 28, bott: 31
2025/01/30 00:23:18 Set direction from BL to BL at x: 92 y: 31
2025/01/30 00:23:18 paddle: x: 2, top: 29, bott: 32
2025/01/30 00:23:18 Set direction from BL to BL at x: 91 y: 32
2025/01/30 00:23:18 paddle: x: 2, top: 30, bott: 33
2025/01/30 00:23:18 Set direction from BL to BL at x: 90 y: 33
2025/01/30 00:23:18 paddle: x: 2, top: 30, bott: 33
2025/01/30 00:23:18 Set direction from BL to BL at x: 89 y: 34
2025/01/30 00:23:18 paddle: x: 2, top: 31, bott: 34
2025/01/30 00:23:18 Set direction from BL to BL at x: 88 y: 35
2025/01/30 00:23:18 paddle: x: 2, top: 31, bott: 34
2025/01/30 00:23:18 Set direction from BL to BL at x: 87 y: 36
2025/01/30 00:23:18 paddle: x: 2, top: 32, bott: 35
2025/01/30 00:23:18 Set direction from BL to BL at x: 86 y: 37
2025/01/30 00:23:19 paddle: x: 2, top: 32, bott: 35
2025/01/30 00:23:19 Set direction from BL to BL at x: 85 y: 38
2025/01/30 00:23:19 paddle: x: 2, top: 33, bott: 36
2025/01/30 00:23:19 Set direction from BL to BL at x: 84 y: 39
2025/01/30 00:23:19 paddle: x: 2, top: 33, bott: 36
2025/01/30 00:23:19 Set direction from BL to BL at x: 83 y: 40
2025/01/30 00:23:19 Set direction from BL to TL at x: 82 y: 39
2025/01/30 00:23:19 paddle: x: 2, top: 32, bott: 35
2025/01/30 00:23:19 Set direction from TL to TL at x: 81 y: 38
2025/01/30 00:23:19 paddle: x: 2, top: 31, bott: 34
2025/01/30 00:23:19 Set direction from TL to TL at x: 80 y: 37
2025/01/30 00:23:19 paddle: x: 2, top: 31, bott: 34
2025/01/30 00:23:19 Set direction from TL to TL at x: 79 y: 36
2025/01/30 00:23:19 paddle: x: 2, top: 30, bott: 33
2025/01/30 00:23:19 Set direction from TL to TL at x: 78 y: 35
2025/01/30 00:23:19 paddle: x: 2, top: 30, bott: 33
2025/01/30 00:23:19 Set direction from TL to TL at x: 77 y: 34
2025/01/30 00:23:19 paddle: x: 2, top: 30, bott: 33
2025/01/30 00:23:19 Set direction from TL to TL at x: 76 y: 33
2025/01/30 00:23:20 paddle: x: 2, top: 30, bott: 33
2025/01/30 00:23:20 Set direction from TL to TL at x: 75 y: 32
2025/01/30 00:23:20 paddle: x: 2, top: 30, bott: 33
2025/01/30 00:23:20 Set direction from TL to TL at x: 74 y: 31
2025/01/30 00:23:20 paddle: x: 2, top: 29, bott: 32
2025/01/30 00:23:20 Set direction from TL to TL at x: 73 y: 30
2025/01/30 00:23:20 paddle: x: 2, top: 27, bott: 30
2025/01/30 00:23:20 Set direction from TL to TL at x: 72 y: 29
2025/01/30 00:23:20 paddle: x: 2, top: 26, bott: 29
2025/01/30 00:23:20 Set direction from TL to TL at x: 71 y: 28
2025/01/30 00:23:20 paddle: x: 2, top: 25, bott: 28
2025/01/30 00:23:20 Set direction from TL to TL at x: 70 y: 27
2025/01/30 00:23:20 paddle: x: 2, top: 24, bott: 27
2025/01/30 00:23:20 Set direction from TL to TL at x: 69 y: 26
2025/01/30 00:23:20 paddle: x: 2, top: 23, bott: 26
2025/01/30 00:23:20 Set direction from TL to TL at x: 68 y: 25
2025/01/30 00:23:20 paddle: x: 2, top: 21, bott: 24
2025/01/30 00:23:20 Set direction from TL to TL at x: 67 y: 24
2025/01/30 00:23:20 paddle: x: 2, top: 20, bott: 23
2025/01/30 00:23:20 Set direction from TL to TL at x: 66 y: 23
2025/01/30 00:23:21 paddle: x: 2, top: 19, bott: 22
2025/01/30 00:23:21 Set direction from TL to TL at x: 65 y: 22
2025/01/30 00:23:21 paddle: x: 2, top: 19, bott: 22
2025/01/30 00:23:21 Set direction from TL to TL at x: 64 y: 21
2025/01/30 00:23:21 paddle: x: 2, top: 19, bott: 22
2025/01/30 00:23:21 Set direction from TL to TL at x: 63 y: 20
2025/01/30 00:23:21 paddle: x: 2, top: 19, bott: 22
2025/01/30 00:23:21 Set direction from TL to TL at x: 62 y: 19
2025/01/30 00:23:21 paddle: x: 2, top: 19, bott: 22
2025/01/30 00:23:21 Set direction from TL to TL at x: 61 y: 18
2025/01/30 00:23:21 paddle: x: 2, top: 18, bott: 21
2025/01/30 00:23:21 Set direction from TL to TL at x: 60 y: 17
2025/01/30 00:23:21 paddle: x: 2, top: 18, bott: 21
2025/01/30 00:23:21 Set direction from TL to TL at x: 59 y: 16
2025/01/30 00:23:21 paddle: x: 2, top: 18, bott: 21
2025/01/30 00:23:21 Set direction from TL to TL at x: 58 y: 15
2025/01/30 00:23:21 paddle: x: 2, top: 18, bott: 21
2025/01/30 00:23:21 Set direction from TL to TL at x: 57 y: 14
2025/01/30 00:23:21 paddle: x: 2, top: 18, bott: 21
2025/01/30 00:23:21 Set direction from TL to TL at x: 56 y: 13
2025/01/30 00:23:22 paddle: x: 2, top: 17, bott: 20
2025/01/30 00:23:22 Set direction from TL to TL at x: 55 y: 12
2025/01/30 00:23:22 paddle: x: 2, top: 17, bott: 20
2025/01/30 00:23:22 Set direction from TL to TL at x: 54 y: 11
2025/01/30 00:23:22 paddle: x: 2, top: 16, bott: 19
2025/01/30 00:23:22 Set direction from TL to TL at x: 53 y: 10
2025/01/30 00:23:22 paddle: x: 2, top: 16, bott: 19
2025/01/30 00:23:22 Set direction from TL to TL at x: 52 y: 9
2025/01/30 00:23:22 paddle: x: 2, top: 15, bott: 18
2025/01/30 00:23:22 Set direction from TL to TL at x: 51 y: 8
2025/01/30 00:23:22 paddle: x: 2, top: 15, bott: 18
2025/01/30 00:23:22 Set direction from TL to TL at x: 50 y: 7
2025/01/30 00:23:22 paddle: x: 2, top: 14, bott: 17
2025/01/30 00:23:22 Set direction from TL to TL at x: 49 y: 6
2025/01/30 00:23:22 paddle: x: 2, top: 14, bott: 17
2025/01/30 00:23:22 Set direction from TL to TL at x: 48 y: 5
2025/01/30 00:23:22 paddle: x: 2, top: 13, bott: 16
2025/01/30 00:23:22 Set direction from TL to TL at x: 47 y: 4
2025/01/30 00:23:22 paddle: x: 2, top: 13, bott: 16
2025/01/30 00:23:22 Set direction from TL to TL at x: 46 y: 3
2025/01/30 00:23:23 paddle: x: 2, top: 13, bott: 16
2025/01/30 00:23:23 Set direction from TL to TL at x: 45 y: 2
2025/01/30 00:23:23 Set direction from TL to BL at x: 44 y: 3
2025/01/30 00:23:23 paddle: x: 2, top: 13, bott: 16
2025/01/30 00:23:23 Set direction from BL to BL at x: 43 y: 4
2025/01/30 00:23:23 paddle: x: 2, top: 13, bott: 16
2025/01/30 00:23:23 Set direction from BL to BL at x: 42 y: 5
2025/01/30 00:23:23 paddle: x: 2, top: 13, bott: 16
2025/01/30 00:23:23 Set direction from BL to BL at x: 41 y: 6
2025/01/30 00:23:23 paddle: x: 2, top: 13, bott: 16
2025/01/30 00:23:23 Set direction from BL to BL at x: 40 y: 7
2025/01/30 00:23:23 paddle: x: 2, top: 13, bott: 16
2025/01/30 00:23:23 Set direction from BL to BL at x: 39 y: 8
2025/01/30 00:23:23 paddle: x: 2, top: 14, bott: 17
2025/01/30 00:23:23 Set direction from BL to BL at x: 38 y: 9
2025/01/30 00:23:23 paddle: x: 2, top: 14, bott: 17
2025/01/30 00:23:23 Set direction from BL to BL at x: 37 y: 10
2025/01/30 00:23:24 paddle: x: 2, top: 14, bott: 17
2025/01/30 00:23:24 Set direction from BL to BL at x: 36 y: 11
2025/01/30 00:23:24 paddle: x: 2, top: 14, bott: 17
2025/01/30 00:23:24 Set direction from BL to BL at x: 35 y: 12
2025/01/30 00:23:24 paddle: x: 2, top: 14, bott: 17
2025/01/30 00:23:24 Set direction from BL to BL at x: 34 y: 13
2025/01/30 00:23:24 paddle: x: 2, top: 15, bott: 18
2025/01/30 00:23:24 Set direction from BL to BL at x: 33 y: 14
2025/01/30 00:23:24 paddle: x: 2, top: 16, bott: 19
2025/01/30 00:23:24 Set direction from BL to BL at x: 32 y: 15
2025/01/30 00:23:24 paddle: x: 2, top: 17, bott: 20
2025/01/30 00:23:24 Set direction from BL to BL at x: 31 y: 16
2025/01/30 00:23:24 paddle: x: 2, top: 19, bott: 22
2025/01/30 00:23:24 Set direction from BL to BL at x: 30 y: 17
2025/01/30 00:23:24 paddle: x: 2, top: 20, bott: 23
2025/01/30 00:23:24 Set direction from BL to BL at x: 29 y: 18
2025/01/30 00:23:24 paddle: x: 2, top: 21, bott: 24
2025/01/30 00:23:24 Set direction from BL to BL at x: 28 y: 19
2025/01/30 00:23:24 paddle: x: 2, top: 22, bott: 25
2025/01/30 00:23:24 Set direction from BL to BL at x: 27 y: 20
2025/01/30 00:23:25 paddle: x: 2, top: 23, bott: 26
2025/01/30 00:23:25 Set direction from BL to BL at x: 26 y: 21
2025/01/30 00:23:25 paddle: x: 2, top: 25, bott: 28
2025/01/30 00:23:25 Set direction from BL to BL at x: 25 y: 22
2025/01/30 00:23:25 paddle: x: 2, top: 26, bott: 29
2025/01/30 00:23:25 Set direction from BL to BL at x: 24 y: 23
2025/01/30 00:23:25 paddle: x: 2, top: 27, bott: 30
2025/01/30 00:23:25 Set direction from BL to BL at x: 23 y: 24
2025/01/30 00:23:25 paddle: x: 2, top: 28, bott: 31
2025/01/30 00:23:25 Set direction from BL to BL at x: 22 y: 25
2025/01/30 00:23:25 paddle: x: 2, top: 29, bott: 32
2025/01/30 00:23:25 Set direction from BL to BL at x: 21 y: 26
2025/01/30 00:23:25 paddle: x: 2, top: 29, bott: 32
2025/01/30 00:23:25 Set direction from BL to BL at x: 20 y: 27
2025/01/30 00:23:25 paddle: x: 2, top: 30, bott: 33
2025/01/30 00:23:25 Set direction from BL to BL at x: 19 y: 28
2025/01/30 00:23:25 paddle: x: 2, top: 30, bott: 33
2025/01/30 00:23:25 Set direction from BL to BL at x: 18 y: 29
2025/01/30 00:23:25 paddle: x: 2, top: 30, bott: 33
2025/01/30 00:23:25 Set direction from BL to BL at x: 17 y: 30
2025/01/30 00:23:26 paddle: x: 2, top: 30, bott: 33
2025/01/30 00:23:26 Set direction from BL to BL at x: 16 y: 31
2025/01/30 00:23:26 paddle: x: 2, top: 30, bott: 33
2025/01/30 00:23:26 Set direction from BL to BL at x: 15 y: 32
2025/01/30 00:23:26 paddle: x: 2, top: 32, bott: 35
2025/01/30 00:23:26 Set direction from BL to BL at x: 14 y: 33
2025/01/30 00:23:26 paddle: x: 2, top: 33, bott: 36
2025/01/30 00:23:26 Set direction from BL to BL at x: 13 y: 34
2025/01/30 00:23:26 paddle: x: 2, top: 34, bott: 37
2025/01/30 00:23:26 Set direction from BL to BL at x: 12 y: 35
2025/01/30 00:23:26 paddle: x: 2, top: 35, bott: 38
2025/01/30 00:23:26 Set direction from BL to BL at x: 11 y: 36
2025/01/30 00:23:26 paddle: x: 2, top: 36, bott: 39
2025/01/30 00:23:26 Set direction from BL to BL at x: 10 y: 37
2025/01/30 00:23:26 paddle: x: 2, top: 38, bott: 41
2025/01/30 00:23:26 Set direction from BL to BL at x: 9 y: 38
2025/01/30 00:23:26 paddle: x: 2, top: 38, bott: 41
2025/01/30 00:23:26 Set direction from BL to BL at x: 8 y: 39
2025/01/30 00:23:26 paddle: x: 2, top: 38, bott: 41
2025/01/30 00:23:26 Set direction from BL to BL at x: 7 y: 40
2025/01/30 00:23:27 Set direction from BL to TL at x: 6 y: 39
2025/01/30 00:23:27 paddle: x: 2, top: 38, bott: 41
2025/01/30 00:23:27 Set direction from TL to TL at x: 5 y: 38
2025/01/30 00:23:27 paddle: x: 2, top: 38, bott: 41
2025/01/30 00:23:27 Set direction from TL to TL at x: 4 y: 37
2025/01/30 00:23:27 paddle: x: 2, top: 37, bott: 40
2025/01/30 00:23:27 Set direction from TL to TL at x: 3 y: 36
2025/01/30 00:23:27 paddle: x: 2, top: 37, bott: 40
2025/01/30 00:23:27 Set direction from TL to TL at x: 2 y: 35
2025/01/30 00:23:27 paddle: x: 2, top: 37, bott: 40
2025/01/30 00:23:27 Set direction from TL to TL at x: 1 y: 34
2025/01/30 00:23:27 paddle: x: 2, top: 37, bott: 40
2025/01/30 00:23:27 Set direction from TL to TL at x: 0 y: 33
2025/01/30 00:23:27 paddle: x: 2, top: 37, bott: 40
2025/01/30 00:23:27 Set direction from TL to TL at x: -1 y: 32
2025/01/30 00:23:27 paddle: x: 2, top: 36, bott: 39
2025/01/30 00:23:27 Set direction from TL to TL at x: -2 y: 31
2025/01/30 00:23:27 paddle: x: 2, top: 35, bott: 38
2025/01/30 00:23:27 Set direction from TL to TL at x: -3 y: 30
2025/01/30 00:23:28 paddle: x: 2, top: 33, bott: 36
2025/01/30 00:23:28 Set direction from TL to TL at x: -4 y: 29
2025/01/30 00:23:28 paddle: x: 2, top: 33, bott: 36
2025/01/30 00:23:28 Set direction from TL to TL at x: -5 y: 28
2025/01/30 00:23:28 paddle: x: 2, top: 33, bott: 36
2025/01/30 00:23:28 Set direction from TL to TL at x: -6 y: 27
2025/01/30 00:23:28 paddle: x: 2, top: 33, bott: 36
2025/01/30 00:23:28 Set direction from TL to TL at x: -7 y: 26
2025/01/30 00:23:28 paddle: x: 2, top: 33, bott: 36
2025/01/30 00:23:28 Set direction from TL to TL at x: -8 y: 25
2025/01/30 00:23:28 paddle: x: 2, top: 33, bott: 36
2025/01/30 00:23:28 Set direction from TL to TL at x: -9 y: 24
2025/01/30 00:23:28 paddle: x: 2, top: 33, bott: 36
2025/01/30 00:23:28 Set direction from TL to TL at x: -10 y: 23
2025/01/30 00:23:28 paddle: x: 2, top: 33, bott: 36
2025/01/30 00:23:28 Set direction from TL to TL at x: -11 y: 22
2025/01/30 00:23:28 paddle: x: 2, top: 33, bott: 36
2025/01/30 00:23:28 Set direction from TL to TL at x: -12 y: 21
2025/01/30 00:23:28 paddle: x: 2, top: 33, bott: 36
2025/01/30 00:23:28 Set direction from TL to TL at x: -13 y: 20
2025/01/30 00:23:29 paddle: x: 2, top: 33, bott: 36
2025/01/30 00:23:29 Set direction from TL to TL at x: -14 y: 19
2025/01/30 00:23:29 paddle: x: 2, top: 33, bott: 36
2025/01/30 00:23:29 Set direction from TL to TL at x: -15 y: 18
2025/01/30 00:23:29 paddle: x: 2, top: 33, bott: 36
2025/01/30 00:23:29 Set direction from TL to TL at x: -16 y: 17
2025/01/30 00:23:29 paddle: x: 2, top: 33, bott: 36
2025/01/30 00:23:29 Set direction from TL to TL at x: -17 y: 16
2025/01/30 00:23:29 paddle: x: 2, top: 33, bott: 36
2025/01/30 00:23:29 Set direction from TL to TL at x: -18 y: 15
